<?xml version="1.0" encoding="UTF-8"?>
<!-- Generated by org.testng.reporters.JUnitXMLReporter -->
<testsuite ignored="0" hostname="DESKTOP-NHS3MPK" failures="0" tests="4" name="Test" time="6.132" errors="0" timestamp="2022-03-20T09:29:13 IST">
  <testcase classname="testcases.BaseClass" name="@BeforeMethod SetUp" time="3.659">
    <failure type="org.openqa.selenium.SessionNotCreatedException" message="session not created: This version of ChromeDriver only supports Chrome version 100
Current browser version is 99.0.4844.74 with binary path C:\Program Files (x86)\Google\Chrome\Application\chrome.exe
Build info: version: &amp;apos;3.141.59&amp;apos;, revision: &amp;apos;e82be7d358&amp;apos;, time: &amp;apos;2018-11-14T08:17:03&amp;apos;
System info: host: &amp;apos;DESKTOP-NHS3MPK&amp;apos;, ip: &amp;apos;192.168.1.3&amp;apos;, os.name: &amp;apos;Windows 10&amp;apos;, os.arch: &amp;apos;amd64&amp;apos;, os.version: &amp;apos;10.0&amp;apos;, java.version: &amp;apos;16.0.2&amp;apos;
Driver info: driver.version: ChromeDriver
remote stacktrace: Backtrace:
	Ordinal0 [0x00F58BD3+2395091]
	Ordinal0 [0x00EEACA1+1944737]
	Ordinal0 [0x00DDD008+839688]
	Ordinal0 [0x00DFD1A3+971171]
	Ordinal0 [0x00DF8DAA+953770]
	Ordinal0 [0x00DF6661+943713]
	Ordinal0 [0x00E296F0+1152752]
	Ordinal0 [0x00E2934A+1151818]
	Ordinal0 [0x00E249D6+1133014]
	Ordinal0 [0x00DFEF76+978806]
	Ordinal0 [0x00DFFE86+982662]
	GetHandleVerifier [0x0110C912+1719138]
	GetHandleVerifier [0x011BB2CD+2434333]
	GetHandleVerifier [0x00FF4001+569937]
	GetHandleVerifier [0x00FF3066+565942]
	Ordinal0 [0x00EF265B+1975899]
	Ordinal0 [0x00EF72A8+1995432]
	Ordinal0 [0x00EF7395+1995669]
	Ordinal0 [0x00F002F1+2032369]
	BaseThreadInitThunk [0x7689FA29+25]
	RtlGetAppContainerNamedObjectPath [0x77D97A7E+286]
	RtlGetAppContainerNamedObjectPath [0x77D97A4E+238]
">
      <![CDATA[org.openqa.selenium.SessionNotCreatedException: session not created: This version of ChromeDriver only supports Chrome version 100
Current browser version is 99.0.4844.74 with binary path C:\Program Files (x86)\Google\Chrome\Application\chrome.exe
Build info: version: '3.141.59', revision: 'e82be7d358', time: '2018-11-14T08:17:03'
System info: host: 'DESKTOP-NHS3MPK', ip: '192.168.1.3', os.name: 'Windows 10', os.arch: 'amd64', os.version: '10.0', java.version: '16.0.2'
Driver info: driver.version: ChromeDriver
remote stacktrace: Backtrace:
Ordinal0 [0x00F58BD3+2395091]
Ordinal0 [0x00EEACA1+1944737]
Ordinal0 [0x00DDD008+839688]
Ordinal0 [0x00DFD1A3+971171]
Ordinal0 [0x00DF8DAA+953770]
Ordinal0 [0x00DF6661+943713]
Ordinal0 [0x00E296F0+1152752]
Ordinal0 [0x00E2934A+1151818]
Ordinal0 [0x00E249D6+1133014]
Ordinal0 [0x00DFEF76+978806]
Ordinal0 [0x00DFFE86+982662]
GetHandleVerifier [0x0110C912+1719138]
GetHandleVerifier [0x011BB2CD+2434333]
GetHandleVerifier [0x00FF4001+569937]
GetHandleVerifier [0x00FF3066+565942]
Ordinal0 [0x00EF265B+1975899]
Ordinal0 [0x00EF72A8+1995432]
Ordinal0 [0x00EF7395+1995669]
Ordinal0 [0x00F002F1+2032369]
BaseThreadInitThunk [0x7689FA29+25]
RtlGetAppContainerNamedObjectPath [0x77D97A7E+286]
RtlGetAppContainerNamedObjectPath [0x77D97A4E+238]

at org.openqa.selenium.remote.W3CHandshakeResponse.lambda$errorHandler$0(W3CHandshakeResponse.java:62)
at org.openqa.selenium.remote.HandshakeResponse.lambda$getResponseFunction$0(HandshakeResponse.java:30)
at org.openqa.selenium.remote.ProtocolHandshake.lambda$createSession$0(ProtocolHandshake.java:126)
at java.base/java.util.stream.ReferencePipeline$3$1.accept(ReferencePipeline.java:197)
at java.base/java.util.Spliterators$ArraySpliterator.tryAdvance(Spliterators.java:958)
at java.base/java.util.stream.ReferencePipeline.forEachWithCancel(ReferencePipeline.java:129)
at java.base/java.util.stream.AbstractPipeline.copyIntoWithCancel(AbstractPipeline.java:502)
at java.base/java.util.stream.AbstractPipeline.copyInto(AbstractPipeline.java:488)
at java.base/java.util.stream.AbstractPipeline.wrapAndCopyInto(AbstractPipeline.java:474)
at java.base/java.util.stream.FindOps$FindOp.evaluateSequential(FindOps.java:150)
at java.base/java.util.stream.AbstractPipeline.evaluate(AbstractPipeline.java:234)
at java.base/java.util.stream.ReferencePipeline.findFirst(ReferencePipeline.java:647)
at org.openqa.selenium.remote.ProtocolHandshake.createSession(ProtocolHandshake.java:128)
at org.openqa.selenium.remote.ProtocolHandshake.createSession(ProtocolHandshake.java:74)
at org.openqa.selenium.remote.HttpCommandExecutor.execute(HttpCommandExecutor.java:136)
at org.openqa.selenium.remote.service.DriverCommandExecutor.execute(DriverCommandExecutor.java:83)
at org.openqa.selenium.remote.RemoteWebDriver.execute(RemoteWebDriver.java:552)
at org.openqa.selenium.remote.RemoteWebDriver.startSession(RemoteWebDriver.java:213)
at org.openqa.selenium.remote.RemoteWebDriver.<init>(RemoteWebDriver.java:131)
at org.openqa.selenium.chrome.ChromeDriver.<init>(ChromeDriver.java:181)
at org.openqa.selenium.chrome.ChromeDriver.<init>(ChromeDriver.java:168)
at org.openqa.selenium.chrome.ChromeDriver.<init>(ChromeDriver.java:123)
at testcases.BaseClass.SetUp(BaseClass.java:52)
at java.base/java.util.ArrayList.forEach(ArrayList.java:1511)
... Removed 36 stack frames]]>
    </failure>
  </testcase> <!-- @BeforeMethod SetUp -->
  <testcase classname="testcases.BaseClass" name="@AfterMethod tearDown" time="0.0">
    <skipped/>
  </testcase> <!-- @AfterMethod tearDown -->
  <testcase classname="testcases.BaseClass" name="@BeforeMethod SetUp" time="0.0">
    <skipped/>
  </testcase> <!-- @BeforeMethod SetUp -->
  <testcase classname="testcases.BaseClass" name="@AfterMethod tearDown" time="0.0">
    <skipped/>
  </testcase> <!-- @AfterMethod tearDown -->
  <testcase classname="testcases.BaseClass" name="@BeforeMethod SetUp" time="0.0">
    <skipped/>
  </testcase> <!-- @BeforeMethod SetUp -->
  <testcase classname="testcases.BaseClass" name="@AfterMethod tearDown" time="0.0">
    <skipped/>
  </testcase> <!-- @AfterMethod tearDown -->
  <testcase classname="testcases.BaseClass" name="@BeforeMethod SetUp" time="0.0">
    <skipped/>
  </testcase> <!-- @BeforeMethod SetUp -->
  <testcase classname="testcases.BaseClass" name="@AfterMethod tearDown" time="0.0">
    <skipped/>
  </testcase> <!-- @AfterMethod tearDown -->
  <testcase classname="testcases.LoginTest" name="ExternalDataTest" time="0.0">
    <skipped/>
  </testcase> <!-- ExternalDataTest -->
  <testcase classname="testcases.LoginTest" name="LoginFailure" time="0.001">
    <skipped/>
  </testcase> <!-- LoginFailure -->
  <testcase classname="testcases.LoginTest" name="LoginSuccess" time="0.001">
    <skipped/>
  </testcase> <!-- LoginSuccess -->
  <testcase classname="testcases.LoginTest" name="Parameterized" time="0.0">
    <skipped/>
  </testcase> <!-- Parameterized -->
</testsuite> <!-- Test -->
